<?xml version="1.0" encoding="UTF-8" ?>
<testsuite tests="4" failures="0" name="RouteCalculatorTest" time="0.069" errors="0" skipped="0">
  <properties>
[...]
</properties>
  <testcase classname="RouteCalculatorTest" name="testCalculateDuration" time="0.053"/>
  <testcase classname="RouteCalculatorTest" name="testGetShortestRouteWithTwoConnections" time="0.009"/>
  <testcase classname="RouteCalculatorTest" name="testGetShortestRouteOnTheLine" time="0.002"/>
  <testcase classname="RouteCalculatorTest" name="testGetShortestRouteOneConnections" time="0.005"/>
</testsuite>