-------------------------------------------------------------------------------
Test set: TestTrucksContainersAndBoxes
-------------------------------------------------------------------------------
Tests run: 6, Failures: 6, Errors: 0, Skipped: 0, Time elapsed: 0.231 s <<< FAILURE! - in TestTrucksContainersAndBoxes
test325Boxes  Time elapsed: 0.162 s  <<< FAILURE!
org.opentest4j.AssertionFailedError: 
expected: <Грузовик: 1
	Контейнер: 1
		Ящик: 1
		Ящик: 2
		Ящик: 3
		Ящик: 4
		Ящик: 5
		Ящик: 6
		Ящик: 7
		Ящик: 8
		Ящик: 9
		Ящик: 10
		Ящик: 11
		Ящик: 12
		Ящик: 13
		Ящик: 14
		Ящик: 15
		Ящик: 16
		Ящик: 17
		Ящик: 18
		Ящик: 19
		Ящик: 20
		Ящик: 21
		Ящик: 22
		Ящик: 23
		Ящик: 24
		Ящик: 25
		Ящик: 26
		Ящик: 27
	Контейнер: 2
		Ящик: 28
		Ящик: 29
		Ящик: 30
		Ящик: 31
		Ящик: 32
		Ящик: 33
		Ящик: 34
		Ящик: 35
		Ящик: 36
		Ящик: 37
		Ящик: 38
		Ящик: 39
		Ящик: 40
		Ящик: 41
		Ящик: 42
		Ящик: 43
		Ящик: 44
		Ящик: 45
		Ящик: 46
		Ящик: 47
		Ящик: 48
		Ящик: 49
		Ящик: 50
		Ящик: 51
		Ящик: 52
		Ящик: 53
		Ящик: 54
	Контейнер: 3
		Ящик: 55
		Ящик: 56
		Ящик: 57
		Ящик: 58
		Ящик: 59
		Ящик: 60
		Ящик: 61
		Ящик: 62
		Ящик: 63
		Ящик: 64
		Ящик: 65
		Ящик: 66
		Ящик: 67
		Ящик: 68
		Ящик: 69
		Ящик: 70
		Ящик: 71
		Ящик: 72
		Ящик: 73
		Ящик: 74
		Ящик: 75
		Ящик: 76
		Ящик: 77
		Ящик: 78
		Ящик: 79
		Ящик: 80
		Ящик: 81
	Контейнер: 4
		Ящик: 82
		Ящик: 83
		Ящик: 84
		Ящик: 85
		Ящик: 86
		Ящик: 87
		Ящик: 88
		Ящик: 89
		Ящик: 90
		Ящик: 91
		Ящик: 92
		Ящик: 93
		Ящик: 94
		Ящик: 95
		Ящик: 96
		Ящик: 97
		Ящик: 98
		Ящик: 99
		Ящик: 100
		Ящик: 101
		Ящик: 102
		Ящик: 103
		Ящик: 104
		Ящик: 105
		Ящик: 106
		Ящик: 107
		Ящик: 108
	Контейнер: 5
		Ящик: 109
		Ящик: 110
		Ящик: 111
		Ящик: 112
		Ящик: 113
		Ящик: 114
		Ящик: 115
		Ящик: 116
		Ящик: 117
		Ящик: 118
		Ящик: 119
		Ящик: 120
		Ящик: 121
		Ящик: 122
		Ящик: 123
		Ящик: 124
		Ящик: 125
		Ящик: 126
		Ящик: 127
		Ящик: 128
		Ящик: 129
		Ящик: 130
		Ящик: 131
		Ящик: 132
		Ящик: 133
		Ящик: 134
		Ящик: 135
	Контейнер: 6
		Ящик: 136
		Ящик: 137
		Ящик: 138
		Ящик: 139
		Ящик: 140
		Ящик: 141
		Ящик: 142
		Ящик: 143
		Ящик: 144
		Ящик: 145
		Ящик: 146
		Ящик: 147
		Ящик: 148
		Ящик: 149
		Ящик: 150
		Ящик: 151
		Ящик: 152
		Ящик: 153
		Ящик: 154
		Ящик: 155
		Ящик: 156
		Ящик: 157
		Ящик: 158
		Ящик: 159
		Ящик: 160
		Ящик: 161
		Ящик: 162
	Контейнер: 7
		Ящик: 163
		Ящик: 164
		Ящик: 165
		Ящик: 166
		Ящик: 167
		Ящик: 168
		Ящик: 169
		Ящик: 170
		Ящик: 171
		Ящик: 172
		Ящик: 173
		Ящик: 174
		Ящик: 175
		Ящик: 176
		Ящик: 177
		Ящик: 178
		Ящик: 179
		Ящик: 180
		Ящик: 181
		Ящик: 182
		Ящик: 183
		Ящик: 184
		Ящик: 185
		Ящик: 186
		Ящик: 187
		Ящик: 188
		Ящик: 189
	Контейнер: 8
		Ящик: 190
		Ящик: 191
		Ящик: 192
		Ящик: 193
		Ящик: 194
		Ящик: 195
		Ящик: 196
		Ящик: 197
		Ящик: 198
		Ящик: 199
		Ящик: 200
		Ящик: 201
		Ящик: 202
		Ящик: 203
		Ящик: 204
		Ящик: 205
		Ящик: 206
		Ящик: 207
		Ящик: 208
		Ящик: 209
		Ящик: 210
		Ящик: 211
		Ящик: 212
		Ящик: 213
		Ящик: 214
		Ящик: 215
		Ящик: 216
	Контейнер: 9
		Ящик: 217
		Ящик: 218
		Ящик: 219
		Ящик: 220
		Ящик: 221
		Ящик: 222
		Ящик: 223
		Ящик: 224
		Ящик: 225
		Ящик: 226
		Ящик: 227
		Ящик: 228
		Ящик: 229
		Ящик: 230
		Ящик: 231
		Ящик: 232
		Ящик: 233
		Ящик: 234
		Ящик: 235
		Ящик: 236
		Ящик: 237
		Ящик: 238
		Ящик: 239
		Ящик: 240
		Ящик: 241
		Ящик: 242
		Ящик: 243
	Контейнер: 10
		Ящик: 244
		Ящик: 245
		Ящик: 246
		Ящик: 247
		Ящик: 248
		Ящик: 249
		Ящик: 250
		Ящик: 251
		Ящик: 252
		Ящик: 253
		Ящик: 254
		Ящик: 255
		Ящик: 256
		Ящик: 257
		Ящик: 258
		Ящик: 259
		Ящик: 260
		Ящик: 261
		Ящик: 262
		Ящик: 263
		Ящик: 264
		Ящик: 265
		Ящик: 266
		Ящик: 267
		Ящик: 268
		Ящик: 269
		Ящик: 270
	Контейнер: 11
		Ящик: 271
		Ящик: 272
		Ящик: 273
		Ящик: 274
		Ящик: 275
		Ящик: 276
		Ящик: 277
		Ящик: 278
		Ящик: 279
		Ящик: 280
		Ящик: 281
		Ящик: 282
		Ящик: 283
		Ящик: 284
		Ящик: 285
		Ящик: 286
		Ящик: 287
		Ящик: 288
		Ящик: 289
		Ящик: 290
		Ящик: 291
		Ящик: 292
		Ящик: 293
		Ящик: 294
		Ящик: 295
		Ящик: 296
		Ящик: 297
	Контейнер: 12
		Ящик: 298
		Ящик: 299
		Ящик: 300
		Ящик: 301
		Ящик: 302
		Ящик: 303
		Ящик: 304
		Ящик: 305
		Ящик: 306
		Ящик: 307
		Ящик: 308
		Ящик: 309
		Ящик: 310
		Ящик: 311
		Ящик: 312
		Ящик: 313
		Ящик: 314
		Ящик: 315
		Ящик: 316
		Ящик: 317
		Ящик: 318
		Ящик: 319
		Ящик: 320
		Ящик: 321
		Ящик: 322
		Ящик: 323
		Ящик: 324
Грузовик: 2
	Контейнер: 13
		Ящик: 325
Необходимо:
грузовиков - 2 шт.
контейнеров - 13 шт.> but was: <????????: 1
	?????????: 1
		????: 1
		????: 2
		????: 3
		????: 4
		????: 5
		????: 6
		????: 7
		????: 8
		????: 9
		????: 10
		????: 11
		????: 12
		????: 13
		????: 14
		????: 15
		????: 16
		????: 17
		????: 18
		????: 19
		????: 20
		????: 21
		????: 22
		????: 23
		????: 24
		????: 25
		????: 26
		????: 27
	?????????: 2
		????: 28
		????: 29
		????: 30
		????: 31
		????: 32
		????: 33
		????: 34
		????: 35
		????: 36
		????: 37
		????: 38
		????: 39
		????: 40
		????: 41
		????: 42
		????: 43
		????: 44
		????: 45
		????: 46
		????: 47
		????: 48
		????: 49
		????: 50
		????: 51
		????: 52
		????: 53
		????: 54
	?????????: 3
		????: 55
		????: 56
		????: 57
		????: 58
		????: 59
		????: 60
		????: 61
		????: 62
		????: 63
		????: 64
		????: 65
		????: 66
		????: 67
		????: 68
		????: 69
		????: 70
		????: 71
		????: 72
		????: 73
		????: 74
		????: 75
		????: 76
		????: 77
		????: 78
		????: 79
		????: 80
		????: 81
	?????????: 4
		????: 82
		????: 83
		????: 84
		????: 85
		????: 86
		????: 87
		????: 88
		????: 89
		????: 90
		????: 91
		????: 92
		????: 93
		????: 94
		????: 95
		????: 96
		????: 97
		????: 98
		????: 99
		????: 100
		????: 101
		????: 102
		????: 103
		????: 104
		????: 105
		????: 106
		????: 107
		????: 108
	?????????: 5
		????: 109
		????: 110
		????: 111
		????: 112
		????: 113
		????: 114
		????: 115
		????: 116
		????: 117
		????: 118
		????: 119
		????: 120
		????: 121
		????: 122
		????: 123
		????: 124
		????: 125
		????: 126
		????: 127
		????: 128
		????: 129
		????: 130
		????: 131
		????: 132
		????: 133
		????: 134
		????: 135
	?????????: 6
		????: 136
		????: 137
		????: 138
		????: 139
		????: 140
		????: 141
		????: 142
		????: 143
		????: 144
		????: 145
		????: 146
		????: 147
		????: 148
		????: 149
		????: 150
		????: 151
		????: 152
		????: 153
		????: 154
		????: 155
		????: 156
		????: 157
		????: 158
		????: 159
		????: 160
		????: 161
		????: 162
	?????????: 7
		????: 163
		????: 164
		????: 165
		????: 166
		????: 167
		????: 168
		????: 169
		????: 170
		????: 171
		????: 172
		????: 173
		????: 174
		????: 175
		????: 176
		????: 177
		????: 178
		????: 179
		????: 180
		????: 181
		????: 182
		????: 183
		????: 184
		????: 185
		????: 186
		????: 187
		????: 188
		????: 189
	?????????: 8
		????: 190
		????: 191
		????: 192
		????: 193
		????: 194
		????: 195
		????: 196
		????: 197
		????: 198
		????: 199
		????: 200
		????: 201
		????: 202
		????: 203
		????: 204
		????: 205
		????: 206
		????: 207
		????: 208
		????: 209
		????: 210
		????: 211
		????: 212
		????: 213
		????: 214
		????: 215
		????: 216
	?????????: 9
		????: 217
		????: 218
		????: 219
		????: 220
		????: 221
		????: 222
		????: 223
		????: 224
		????: 225
		????: 226
		????: 227
		????: 228
		????: 229
		????: 230
		????: 231
		????: 232
		????: 233
		????: 234
		????: 235
		????: 236
		????: 237
		????: 238
		????: 239
		????: 240
		????: 241
		????: 242
		????: 243
	?????????: 10
		????: 244
		????: 245
		????: 246
		????: 247
		????: 248
		????: 249
		????: 250
		????: 251
		????: 252
		????: 253
		????: 254
		????: 255
		????: 256
		????: 257
		????: 258
		????: 259
		????: 260
		????: 261
		????: 262
		????: 263
		????: 264
		????: 265
		????: 266
		????: 267
		????: 268
		????: 269
		????: 270
	?????????: 11
		????: 271
		????: 272
		????: 273
		????: 274
		????: 275
		????: 276
		????: 277
		????: 278
		????: 279
		????: 280
		????: 281
		????: 282
		????: 283
		????: 284
		????: 285
		????: 286
		????: 287
		????: 288
		????: 289
		????: 290
		????: 291
		????: 292
		????: 293
		????: 294
		????: 295
		????: 296
		????: 297
	?????????: 12
		????: 298
		????: 299
		????: 300
		????: 301
		????: 302
		????: 303
		????: 304
		????: 305
		????: 306
		????: 307
		????: 308
		????: 309
		????: 310
		????: 311
		????: 312
		????: 313
		????: 314
		????: 315
		????: 316
		????: 317
		????: 318
		????: 319
		????: 320
		????: 321
		????: 322
		????: 323
		????: 324
????????: 2
	?????????: 13
		????: 325
??????????:
?????????? - 2 ??.
??????????? - 13 ??.>
	at TestTrucksContainersAndBoxes.launchApplication(TestTrucksContainersAndBoxes.java:540)
	at TestTrucksContainersAndBoxes.launchApplication(TestTrucksContainersAndBoxes.java:552)
	at TestTrucksContainersAndBoxes.test325Boxes(TestTrucksContainersAndBoxes.java:181)

testTwoBoxes  Time elapsed: 0 s  <<< FAILURE!
org.opentest4j.AssertionFailedError: 
expected: <Грузовик: 1
	Контейнер: 1
		Ящик: 1
		Ящик: 2
Необходимо:
грузовиков - 1 шт.
контейнеров - 1 шт.> but was: <????????: 3
??????????:
?????????? - 1 ??.
??????????? - 1 ??.>
	at TestTrucksContainersAndBoxes.launchApplication(TestTrucksContainersAndBoxes.java:540)
	at TestTrucksContainersAndBoxes.launchApplication(TestTrucksContainersAndBoxes.java:552)
	at TestTrucksContainersAndBoxes.testTwoBoxes(TestTrucksContainersAndBoxes.java:87)

testZeroBox  Time elapsed: 0.008 s  <<< FAILURE!
org.opentest4j.AssertionFailedError: 
expected: <Необходимо:
грузовиков - 0 шт.
контейнеров - 0 шт.> but was: <??????????:
?????????? - 0 ??.
??????????? - 0 ??.>
	at TestTrucksContainersAndBoxes.launchApplication(TestTrucksContainersAndBoxes.java:540)
	at TestTrucksContainersAndBoxes.launchApplication(TestTrucksContainersAndBoxes.java:552)
	at TestTrucksContainersAndBoxes.testZeroBox(TestTrucksContainersAndBoxes.java:76)

test27Boxes  Time elapsed: 0.008 s  <<< FAILURE!
org.opentest4j.AssertionFailedError: 
expected: <Грузовик: 1
	Контейнер: 1
		Ящик: 1
		Ящик: 2
		Ящик: 3
		Ящик: 4
		Ящик: 5
		Ящик: 6
		Ящик: 7
		Ящик: 8
		Ящик: 9
		Ящик: 10
		Ящик: 11
		Ящик: 12
		Ящик: 13
		Ящик: 14
		Ящик: 15
		Ящик: 16
		Ящик: 17
		Ящик: 18
		Ящик: 19
		Ящик: 20
		Ящик: 21
		Ящик: 22
		Ящик: 23
		Ящик: 24
		Ящик: 25
		Ящик: 26
		Ящик: 27
Необходимо:
грузовиков - 1 шт.
контейнеров - 1 шт.> but was: <????????: 4
??????????:
?????????? - 1 ??.
??????????? - 1 ??.>
	at TestTrucksContainersAndBoxes.launchApplication(TestTrucksContainersAndBoxes.java:540)
	at TestTrucksContainersAndBoxes.launchApplication(TestTrucksContainersAndBoxes.java:552)
	at TestTrucksContainersAndBoxes.test27Boxes(TestTrucksContainersAndBoxes.java:101)

test28Boxes  Time elapsed: 0.016 s  <<< FAILURE!
org.opentest4j.AssertionFailedError: 
expected: <Грузовик: 1
	Контейнер: 1
		Ящик: 1
		Ящик: 2
		Ящик: 3
		Ящик: 4
		Ящик: 5
		Ящик: 6
		Ящик: 7
		Ящик: 8
		Ящик: 9
		Ящик: 10
		Ящик: 11
		Ящик: 12
		Ящик: 13
		Ящик: 14
		Ящик: 15
		Ящик: 16
		Ящик: 17
		Ящик: 18
		Ящик: 19
		Ящик: 20
		Ящик: 21
		Ящик: 22
		Ящик: 23
		Ящик: 24
		Ящик: 25
		Ящик: 26
		Ящик: 27
	Контейнер: 2
		Ящик: 28
Необходимо:
грузовиков - 1 шт.
контейнеров - 2 шт.> but was: <????????: 5
??????????:
?????????? - 1 ??.
??????????? - 2 ??.>
	at TestTrucksContainersAndBoxes.launchApplication(TestTrucksContainersAndBoxes.java:540)
	at TestTrucksContainersAndBoxes.launchApplication(TestTrucksContainersAndBoxes.java:552)
	at TestTrucksContainersAndBoxes.test28Boxes(TestTrucksContainersAndBoxes.java:140)

testOneBox  Time elapsed: 0.027 s  <<< FAILURE!
org.opentest4j.AssertionFailedError: 
expected: <Грузовик: 1
	Контейнер: 1
		Ящик: 1
Необходимо:
грузовиков - 1 шт.
контейнеров - 1 шт.> but was: <????????: 6
??????????:
?????????? - 1 ??.
??????????? - 1 ??.>
	at TestTrucksContainersAndBoxes.launchApplication(TestTrucksContainersAndBoxes.java:540)
	at TestTrucksContainersAndBoxes.launchApplication(TestTrucksContainersAndBoxes.java:552)
	at TestTrucksContainersAndBoxes.testOneBox(TestTrucksContainersAndBoxes.java:62)

