<?xml version="1.0" encoding="UTF-8" ?>
<testsuite tests="6" failures="0" name="BankTest" time="2.033" errors="0" skipped="0">
  <properties>
[...]
</properties>
  <testcase classname="BankTest" name="testVerifyTotalBalanceAfterTransactions" time="2.03"/>
  <testcase classname="BankTest" name="testGenerateAccountsSet" time="0"/>
  <testcase classname="BankTest" name="testVerifyLockAccount" time="0"/>
  <testcase classname="BankTest" name="testGetBalance" time="0.001"/>
  <testcase classname="BankTest" name="testGetSumAllAccounts" time="0"/>
  <testcase classname="BankTest" name="testTransfer" time="0.002"/>
</testsuite>