<?xml version="1.0" encoding="UTF-8"?>
<testsuite xmlns:xsi="http://www.w3.org/2001/XMLSchema-instance" xsi:noNamespaceSchemaLocation="https://maven.apache.org/surefire/maven-surefire-plugin/xsd/surefire-test-report.xsd" name="TestTrucksContainersAndBoxes" time="0.231" tests="6" errors="0" skipped="0" failures="6">
  <properties>
[...]
</properties>
  <testcase name="test325Boxes" classname="TestTrucksContainersAndBoxes" time="0.162">
    <failure message="expected: &lt;Грузовик: 1&#10;	Контейнер: 1&#10;		Ящик: 1&#10;		Ящик: 2&#10;		Ящик: 3&#10;		Ящик: 4&#10;		Ящик: 5&#10;		Ящик: 6&#10;		Ящик: 7&#10;		Ящик: 8&#10;		Ящик: 9&#10;		Ящик: 10&#10;		Ящик: 11&#10;		Ящик: 12&#10;		Ящик: 13&#10;		Ящик: 14&#10;		Ящик: 15&#10;		Ящик: 16&#10;		Ящик: 17&#10;		Ящик: 18&#10;		Ящик: 19&#10;		Ящик: 20&#10;		Ящик: 21&#10;		Ящик: 22&#10;		Ящик: 23&#10;		Ящик: 24&#10;		Ящик: 25&#10;		Ящик: 26&#10;		Ящик: 27&#10;	Контейнер: 2&#10;		Ящик: 28&#10;		Ящик: 29&#10;		Ящик: 30&#10;		Ящик: 31&#10;		Ящик: 32&#10;		Ящик: 33&#10;		Ящик: 34&#10;		Ящик: 35&#10;		Ящик: 36&#10;		Ящик: 37&#10;		Ящик: 38&#10;		Ящик: 39&#10;		Ящик: 40&#10;		Ящик: 41&#10;		Ящик: 42&#10;		Ящик: 43&#10;		Ящик: 44&#10;		Ящик: 45&#10;		Ящик: 46&#10;		Ящик: 47&#10;		Ящик: 48&#10;		Ящик: 49&#10;		Ящик: 50&#10;		Ящик: 51&#10;		Ящик: 52&#10;		Ящик: 53&#10;		Ящик: 54&#10;	Контейнер: 3&#10;		Ящик: 55&#10;		Ящик: 56&#10;		Ящик: 57&#10;		Ящик: 58&#10;		Ящик: 59&#10;		Ящик: 60&#10;		Ящик: 61&#10;		Ящик: 62&#10;		Ящик: 63&#10;		Ящик: 64&#10;		Ящик: 65&#10;		Ящик: 66&#10;		Ящик: 67&#10;		Ящик: 68&#10;		Ящик: 69&#10;		Ящик: 70&#10;		Ящик: 71&#10;		Ящик: 72&#10;		Ящик: 73&#10;		Ящик: 74&#10;		Ящик: 75&#10;		Ящик: 76&#10;		Ящик: 77&#10;		Ящик: 78&#10;		Ящик: 79&#10;		Ящик: 80&#10;		Ящик: 81&#10;	Контейнер: 4&#10;		Ящик: 82&#10;		Ящик: 83&#10;		Ящик: 84&#10;		Ящик: 85&#10;		Ящик: 86&#10;		Ящик: 87&#10;		Ящик: 88&#10;		Ящик: 89&#10;		Ящик: 90&#10;		Ящик: 91&#10;		Ящик: 92&#10;		Ящик: 93&#10;		Ящик: 94&#10;		Ящик: 95&#10;		Ящик: 96&#10;		Ящик: 97&#10;		Ящик: 98&#10;		Ящик: 99&#10;		Ящик: 100&#10;		Ящик: 101&#10;		Ящик: 102&#10;		Ящик: 103&#10;		Ящик: 104&#10;		Ящик: 105&#10;		Ящик: 106&#10;		Ящик: 107&#10;		Ящик: 108&#10;	Контейнер: 5&#10;		Ящик: 109&#10;		Ящик: 110&#10;		Ящик: 111&#10;		Ящик: 112&#10;		Ящик: 113&#10;		Ящик: 114&#10;		Ящик: 115&#10;		Ящик: 116&#10;		Ящик: 117&#10;		Ящик: 118&#10;		Ящик: 119&#10;		Ящик: 120&#10;		Ящик: 121&#10;		Ящик: 122&#10;		Ящик: 123&#10;		Ящик: 124&#10;		Ящик: 125&#10;		Ящик: 126&#10;		Ящик: 127&#10;		Ящик: 128&#10;		Ящик: 129&#10;		Ящик: 130&#10;		Ящик: 131&#10;		Ящик: 132&#10;		Ящик: 133&#10;		Ящик: 134&#10;		Ящик: 135&#10;	Контейнер: 6&#10;		Ящик: 136&#10;		Ящик: 137&#10;		Ящик: 138&#10;		Ящик: 139&#10;		Ящик: 140&#10;		Ящик: 141&#10;		Ящик: 142&#10;		Ящик: 143&#10;		Ящик: 144&#10;		Ящик: 145&#10;		Ящик: 146&#10;		Ящик: 147&#10;		Ящик: 148&#10;		Ящик: 149&#10;		Ящик: 150&#10;		Ящик: 151&#10;		Ящик: 152&#10;		Ящик: 153&#10;		Ящик: 154&#10;		Ящик: 155&#10;		Ящик: 156&#10;		Ящик: 157&#10;		Ящик: 158&#10;		Ящик: 159&#10;		Ящик: 160&#10;		Ящик: 161&#10;		Ящик: 162&#10;	Контейнер: 7&#10;		Ящик: 163&#10;		Ящик: 164&#10;		Ящик: 165&#10;		Ящик: 166&#10;		Ящик: 167&#10;		Ящик: 168&#10;		Ящик: 169&#10;		Ящик: 170&#10;		Ящик: 171&#10;		Ящик: 172&#10;		Ящик: 173&#10;		Ящик: 174&#10;		Ящик: 175&#10;		Ящик: 176&#10;		Ящик: 177&#10;		Ящик: 178&#10;		Ящик: 179&#10;		Ящик: 180&#10;		Ящик: 181&#10;		Ящик: 182&#10;		Ящик: 183&#10;		Ящик: 184&#10;		Ящик: 185&#10;		Ящик: 186&#10;		Ящик: 187&#10;		Ящик: 188&#10;		Ящик: 189&#10;	Контейнер: 8&#10;		Ящик: 190&#10;		Ящик: 191&#10;		Ящик: 192&#10;		Ящик: 193&#10;		Ящик: 194&#10;		Ящик: 195&#10;		Ящик: 196&#10;		Ящик: 197&#10;		Ящик: 198&#10;		Ящик: 199&#10;		Ящик: 200&#10;		Ящик: 201&#10;		Ящик: 202&#10;		Ящик: 203&#10;		Ящик: 204&#10;		Ящик: 205&#10;		Ящик: 206&#10;		Ящик: 207&#10;		Ящик: 208&#10;		Ящик: 209&#10;		Ящик: 210&#10;		Ящик: 211&#10;		Ящик: 212&#10;		Ящик: 213&#10;		Ящик: 214&#10;		Ящик: 215&#10;		Ящик: 216&#10;	Контейнер: 9&#10;		Ящик: 217&#10;		Ящик: 218&#10;		Ящик: 219&#10;		Ящик: 220&#10;		Ящик: 221&#10;		Ящик: 222&#10;		Ящик: 223&#10;		Ящик: 224&#10;		Ящик: 225&#10;		Ящик: 226&#10;		Ящик: 227&#10;		Ящик: 228&#10;		Ящик: 229&#10;		Ящик: 230&#10;		Ящик: 231&#10;		Ящик: 232&#10;		Ящик: 233&#10;		Ящик: 234&#10;		Ящик: 235&#10;		Ящик: 236&#10;		Ящик: 237&#10;		Ящик: 238&#10;		Ящик: 239&#10;		Ящик: 240&#10;		Ящик: 241&#10;		Ящик: 242&#10;		Ящик: 243&#10;	Контейнер: 10&#10;		Ящик: 244&#10;		Ящик: 245&#10;		Ящик: 246&#10;		Ящик: 247&#10;		Ящик: 248&#10;		Ящик: 249&#10;		Ящик: 250&#10;		Ящик: 251&#10;		Ящик: 252&#10;		Ящик: 253&#10;		Ящик: 254&#10;		Ящик: 255&#10;		Ящик: 256&#10;		Ящик: 257&#10;		Ящик: 258&#10;		Ящик: 259&#10;		Ящик: 260&#10;		Ящик: 261&#10;		Ящик: 262&#10;		Ящик: 263&#10;		Ящик: 264&#10;		Ящик: 265&#10;		Ящик: 266&#10;		Ящик: 267&#10;		Ящик: 268&#10;		Ящик: 269&#10;		Ящик: 270&#10;	Контейнер: 11&#10;		Ящик: 271&#10;		Ящик: 272&#10;		Ящик: 273&#10;		Ящик: 274&#10;		Ящик: 275&#10;		Ящик: 276&#10;		Ящик: 277&#10;		Ящик: 278&#10;		Ящик: 279&#10;		Ящик: 280&#10;		Ящик: 281&#10;		Ящик: 282&#10;		Ящик: 283&#10;		Ящик: 284&#10;		Ящик: 285&#10;		Ящик: 286&#10;		Ящик: 287&#10;		Ящик: 288&#10;		Ящик: 289&#10;		Ящик: 290&#10;		Ящик: 291&#10;		Ящик: 292&#10;		Ящик: 293&#10;		Ящик: 294&#10;		Ящик: 295&#10;		Ящик: 296&#10;		Ящик: 297&#10;	Контейнер: 12&#10;		Ящик: 298&#10;		Ящик: 299&#10;		Ящик: 300&#10;		Ящик: 301&#10;		Ящик: 302&#10;		Ящик: 303&#10;		Ящик: 304&#10;		Ящик: 305&#10;		Ящик: 306&#10;		Ящик: 307&#10;		Ящик: 308&#10;		Ящик: 309&#10;		Ящик: 310&#10;		Ящик: 311&#10;		Ящик: 312&#10;		Ящик: 313&#10;		Ящик: 314&#10;		Ящик: 315&#10;		Ящик: 316&#10;		Ящик: 317&#10;		Ящик: 318&#10;		Ящик: 319&#10;		Ящик: 320&#10;		Ящик: 321&#10;		Ящик: 322&#10;		Ящик: 323&#10;		Ящик: 324&#10;Грузовик: 2&#10;	Контейнер: 13&#10;		Ящик: 325&#10;Необходимо:&#10;грузовиков - 2 шт.&#10;контейнеров - 13 шт.&gt; but was: &lt;????????: 1&#10;	?????????: 1&#10;		????: 1&#10;		????: 2&#10;		????: 3&#10;		????: 4&#10;		????: 5&#10;		????: 6&#10;		????: 7&#10;		????: 8&#10;		????: 9&#10;		????: 10&#10;		????: 11&#10;		????: 12&#10;		????: 13&#10;		????: 14&#10;		????: 15&#10;		????: 16&#10;		????: 17&#10;		????: 18&#10;		????: 19&#10;		????: 20&#10;		????: 21&#10;		????: 22&#10;		????: 23&#10;		????: 24&#10;		????: 25&#10;		????: 26&#10;		????: 27&#10;	?????????: 2&#10;		????: 28&#10;		????: 29&#10;		????: 30&#10;		????: 31&#10;		????: 32&#10;		????: 33&#10;		????: 34&#10;		????: 35&#10;		????: 36&#10;		????: 37&#10;		????: 38&#10;		????: 39&#10;		????: 40&#10;		????: 41&#10;		????: 42&#10;		????: 43&#10;		????: 44&#10;		????: 45&#10;		????: 46&#10;		????: 47&#10;		????: 48&#10;		????: 49&#10;		????: 50&#10;		????: 51&#10;		????: 52&#10;		????: 53&#10;		????: 54&#10;	?????????: 3&#10;		????: 55&#10;		????: 56&#10;		????: 57&#10;		????: 58&#10;		????: 59&#10;		????: 60&#10;		????: 61&#10;		????: 62&#10;		????: 63&#10;		????: 64&#10;		????: 65&#10;		????: 66&#10;		????: 67&#10;		????: 68&#10;		????: 69&#10;		????: 70&#10;		????: 71&#10;		????: 72&#10;		????: 73&#10;		????: 74&#10;		????: 75&#10;		????: 76&#10;		????: 77&#10;		????: 78&#10;		????: 79&#10;		????: 80&#10;		????: 81&#10;	?????????: 4&#10;		????: 82&#10;		????: 83&#10;		????: 84&#10;		????: 85&#10;		????: 86&#10;		????: 87&#10;		????: 88&#10;		????: 89&#10;		????: 90&#10;		????: 91&#10;		????: 92&#10;		????: 93&#10;		????: 94&#10;		????: 95&#10;		????: 96&#10;		????: 97&#10;		????: 98&#10;		????: 99&#10;		????: 100&#10;		????: 101&#10;		????: 102&#10;		????: 103&#10;		????: 104&#10;		????: 105&#10;		????: 106&#10;		????: 107&#10;		????: 108&#10;	?????????: 5&#10;		????: 109&#10;		????: 110&#10;		????: 111&#10;		????: 112&#10;		????: 113&#10;		????: 114&#10;		????: 115&#10;		????: 116&#10;		????: 117&#10;		????: 118&#10;		????: 119&#10;		????: 120&#10;		????: 121&#10;		????: 122&#10;		????: 123&#10;		????: 124&#10;		????: 125&#10;		????: 126&#10;		????: 127&#10;		????: 128&#10;		????: 129&#10;		????: 130&#10;		????: 131&#10;		????: 132&#10;		????: 133&#10;		????: 134&#10;		????: 135&#10;	?????????: 6&#10;		????: 136&#10;		????: 137&#10;		????: 138&#10;		????: 139&#10;		????: 140&#10;		????: 141&#10;		????: 142&#10;		????: 143&#10;		????: 144&#10;		????: 145&#10;		????: 146&#10;		????: 147&#10;		????: 148&#10;		????: 149&#10;		????: 150&#10;		????: 151&#10;		????: 152&#10;		????: 153&#10;		????: 154&#10;		????: 155&#10;		????: 156&#10;		????: 157&#10;		????: 158&#10;		????: 159&#10;		????: 160&#10;		????: 161&#10;		????: 162&#10;	?????????: 7&#10;		????: 163&#10;		????: 164&#10;		????: 165&#10;		????: 166&#10;		????: 167&#10;		????: 168&#10;		????: 169&#10;		????: 170&#10;		????: 171&#10;		????: 172&#10;		????: 173&#10;		????: 174&#10;		????: 175&#10;		????: 176&#10;		????: 177&#10;		????: 178&#10;		????: 179&#10;		????: 180&#10;		????: 181&#10;		????: 182&#10;		????: 183&#10;		????: 184&#10;		????: 185&#10;		????: 186&#10;		????: 187&#10;		????: 188&#10;		????: 189&#10;	?????????: 8&#10;		????: 190&#10;		????: 191&#10;		????: 192&#10;		????: 193&#10;		????: 194&#10;		????: 195&#10;		????: 196&#10;		????: 197&#10;		????: 198&#10;		????: 199&#10;		????: 200&#10;		????: 201&#10;		????: 202&#10;		????: 203&#10;		????: 204&#10;		????: 205&#10;		????: 206&#10;		????: 207&#10;		????: 208&#10;		????: 209&#10;		????: 210&#10;		????: 211&#10;		????: 212&#10;		????: 213&#10;		????: 214&#10;		????: 215&#10;		????: 216&#10;	?????????: 9&#10;		????: 217&#10;		????: 218&#10;		????: 219&#10;		????: 220&#10;		????: 221&#10;		????: 222&#10;		????: 223&#10;		????: 224&#10;		????: 225&#10;		????: 226&#10;		????: 227&#10;		????: 228&#10;		????: 229&#10;		????: 230&#10;		????: 231&#10;		????: 232&#10;		????: 233&#10;		????: 234&#10;		????: 235&#10;		????: 236&#10;		????: 237&#10;		????: 238&#10;		????: 239&#10;		????: 240&#10;		????: 241&#10;		????: 242&#10;		????: 243&#10;	?????????: 10&#10;		????: 244&#10;		????: 245&#10;		????: 246&#10;		????: 247&#10;		????: 248&#10;		????: 249&#10;		????: 250&#10;		????: 251&#10;		????: 252&#10;		????: 253&#10;		????: 254&#10;		????: 255&#10;		????: 256&#10;		????: 257&#10;		????: 258&#10;		????: 259&#10;		????: 260&#10;		????: 261&#10;		????: 262&#10;		????: 263&#10;		????: 264&#10;		????: 265&#10;		????: 266&#10;		????: 267&#10;		????: 268&#10;		????: 269&#10;		????: 270&#10;	?????????: 11&#10;		????: 271&#10;		????: 272&#10;		????: 273&#10;		????: 274&#10;		????: 275&#10;		????: 276&#10;		????: 277&#10;		????: 278&#10;		????: 279&#10;		????: 280&#10;		????: 281&#10;		????: 282&#10;		????: 283&#10;		????: 284&#10;		????: 285&#10;		????: 286&#10;		????: 287&#10;		????: 288&#10;		????: 289&#10;		????: 290&#10;		????: 291&#10;		????: 292&#10;		????: 293&#10;		????: 294&#10;		????: 295&#10;		????: 296&#10;		????: 297&#10;	?????????: 12&#10;		????: 298&#10;		????: 299&#10;		????: 300&#10;		????: 301&#10;		????: 302&#10;		????: 303&#10;		????: 304&#10;		????: 305&#10;		????: 306&#10;		????: 307&#10;		????: 308&#10;		????: 309&#10;		????: 310&#10;		????: 311&#10;		????: 312&#10;		????: 313&#10;		????: 314&#10;		????: 315&#10;		????: 316&#10;		????: 317&#10;		????: 318&#10;		????: 319&#10;		????: 320&#10;		????: 321&#10;		????: 322&#10;		????: 323&#10;		????: 324&#10;????????: 2&#10;	?????????: 13&#10;		????: 325&#10;??????????:&#10;?????????? - 2 ??.&#10;??????????? - 13 ??.&gt;" type="org.opentest4j.AssertionFailedError"><![CDATA[org.opentest4j.AssertionFailedError: 
expected: <Грузовик: 1
	Контейнер: 1
		Ящик: 1
		Ящик: 2
		Ящик: 3
		Ящик: 4
		Ящик: 5
		Ящик: 6
		Ящик: 7
		Ящик: 8
		Ящик: 9
		Ящик: 10
		Ящик: 11
		Ящик: 12
		Ящик: 13
		Ящик: 14
		Ящик: 15
		Ящик: 16
		Ящик: 17
		Ящик: 18
		Ящик: 19
		Ящик: 20
		Ящик: 21
		Ящик: 22
		Ящик: 23
		Ящик: 24
		Ящик: 25
		Ящик: 26
		Ящик: 27
	Контейнер: 2
		Ящик: 28
		Ящик: 29
		Ящик: 30
		Ящик: 31
		Ящик: 32
		Ящик: 33
		Ящик: 34
		Ящик: 35
		Ящик: 36
		Ящик: 37
		Ящик: 38
		Ящик: 39
		Ящик: 40
		Ящик: 41
		Ящик: 42
		Ящик: 43
		Ящик: 44
		Ящик: 45
		Ящик: 46
		Ящик: 47
		Ящик: 48
		Ящик: 49
		Ящик: 50
		Ящик: 51
		Ящик: 52
		Ящик: 53
		Ящик: 54
	Контейнер: 3
		Ящик: 55
		Ящик: 56
		Ящик: 57
		Ящик: 58
		Ящик: 59
		Ящик: 60
		Ящик: 61
		Ящик: 62
		Ящик: 63
		Ящик: 64
		Ящик: 65
		Ящик: 66
		Ящик: 67
		Ящик: 68
		Ящик: 69
		Ящик: 70
		Ящик: 71
		Ящик: 72
		Ящик: 73
		Ящик: 74
		Ящик: 75
		Ящик: 76
		Ящик: 77
		Ящик: 78
		Ящик: 79
		Ящик: 80
		Ящик: 81
	Контейнер: 4
		Ящик: 82
		Ящик: 83
		Ящик: 84
		Ящик: 85
		Ящик: 86
		Ящик: 87
		Ящик: 88
		Ящик: 89
		Ящик: 90
		Ящик: 91
		Ящик: 92
		Ящик: 93
		Ящик: 94
		Ящик: 95
		Ящик: 96
		Ящик: 97
		Ящик: 98
		Ящик: 99
		Ящик: 100
		Ящик: 101
		Ящик: 102
		Ящик: 103
		Ящик: 104
		Ящик: 105
		Ящик: 106
		Ящик: 107
		Ящик: 108
	Контейнер: 5
		Ящик: 109
		Ящик: 110
		Ящик: 111
		Ящик: 112
		Ящик: 113
		Ящик: 114
		Ящик: 115
		Ящик: 116
		Ящик: 117
		Ящик: 118
		Ящик: 119
		Ящик: 120
		Ящик: 121
		Ящик: 122
		Ящик: 123
		Ящик: 124
		Ящик: 125
		Ящик: 126
		Ящик: 127
		Ящик: 128
		Ящик: 129
		Ящик: 130
		Ящик: 131
		Ящик: 132
		Ящик: 133
		Ящик: 134
		Ящик: 135
	Контейнер: 6
		Ящик: 136
		Ящик: 137
		Ящик: 138
		Ящик: 139
		Ящик: 140
		Ящик: 141
		Ящик: 142
		Ящик: 143
		Ящик: 144
		Ящик: 145
		Ящик: 146
		Ящик: 147
		Ящик: 148
		Ящик: 149
		Ящик: 150
		Ящик: 151
		Ящик: 152
		Ящик: 153
		Ящик: 154
		Ящик: 155
		Ящик: 156
		Ящик: 157
		Ящик: 158
		Ящик: 159
		Ящик: 160
		Ящик: 161
		Ящик: 162
	Контейнер: 7
		Ящик: 163
		Ящик: 164
		Ящик: 165
		Ящик: 166
		Ящик: 167
		Ящик: 168
		Ящик: 169
		Ящик: 170
		Ящик: 171
		Ящик: 172
		Ящик: 173
		Ящик: 174
		Ящик: 175
		Ящик: 176
		Ящик: 177
		Ящик: 178
		Ящик: 179
		Ящик: 180
		Ящик: 181
		Ящик: 182
		Ящик: 183
		Ящик: 184
		Ящик: 185
		Ящик: 186
		Ящик: 187
		Ящик: 188
		Ящик: 189
	Контейнер: 8
		Ящик: 190
		Ящик: 191
		Ящик: 192
		Ящик: 193
		Ящик: 194
		Ящик: 195
		Ящик: 196
		Ящик: 197
		Ящик: 198
		Ящик: 199
		Ящик: 200
		Ящик: 201
		Ящик: 202
		Ящик: 203
		Ящик: 204
		Ящик: 205
		Ящик: 206
		Ящик: 207
		Ящик: 208
		Ящик: 209
		Ящик: 210
		Ящик: 211
		Ящик: 212
		Ящик: 213
		Ящик: 214
		Ящик: 215
		Ящик: 216
	Контейнер: 9
		Ящик: 217
		Ящик: 218
		Ящик: 219
		Ящик: 220
		Ящик: 221
		Ящик: 222
		Ящик: 223
		Ящик: 224
		Ящик: 225
		Ящик: 226
		Ящик: 227
		Ящик: 228
		Ящик: 229
		Ящик: 230
		Ящик: 231
		Ящик: 232
		Ящик: 233
		Ящик: 234
		Ящик: 235
		Ящик: 236
		Ящик: 237
		Ящик: 238
		Ящик: 239
		Ящик: 240
		Ящик: 241
		Ящик: 242
		Ящик: 243
	Контейнер: 10
		Ящик: 244
		Ящик: 245
		Ящик: 246
		Ящик: 247
		Ящик: 248
		Ящик: 249
		Ящик: 250
		Ящик: 251
		Ящик: 252
		Ящик: 253
		Ящик: 254
		Ящик: 255
		Ящик: 256
		Ящик: 257
		Ящик: 258
		Ящик: 259
		Ящик: 260
		Ящик: 261
		Ящик: 262
		Ящик: 263
		Ящик: 264
		Ящик: 265
		Ящик: 266
		Ящик: 267
		Ящик: 268
		Ящик: 269
		Ящик: 270
	Контейнер: 11
		Ящик: 271
		Ящик: 272
		Ящик: 273
		Ящик: 274
		Ящик: 275
		Ящик: 276
		Ящик: 277
		Ящик: 278
		Ящик: 279
		Ящик: 280
		Ящик: 281
		Ящик: 282
		Ящик: 283
		Ящик: 284
		Ящик: 285
		Ящик: 286
		Ящик: 287
		Ящик: 288
		Ящик: 289
		Ящик: 290
		Ящик: 291
		Ящик: 292
		Ящик: 293
		Ящик: 294
		Ящик: 295
		Ящик: 296
		Ящик: 297
	Контейнер: 12
		Ящик: 298
		Ящик: 299
		Ящик: 300
		Ящик: 301
		Ящик: 302
		Ящик: 303
		Ящик: 304
		Ящик: 305
		Ящик: 306
		Ящик: 307
		Ящик: 308
		Ящик: 309
		Ящик: 310
		Ящик: 311
		Ящик: 312
		Ящик: 313
		Ящик: 314
		Ящик: 315
		Ящик: 316
		Ящик: 317
		Ящик: 318
		Ящик: 319
		Ящик: 320
		Ящик: 321
		Ящик: 322
		Ящик: 323
		Ящик: 324
Грузовик: 2
	Контейнер: 13
		Ящик: 325
Необходимо:
грузовиков - 2 шт.
контейнеров - 13 шт.> but was: <????????: 1
	?????????: 1
		????: 1
		????: 2
		????: 3
		????: 4
		????: 5
		????: 6
		????: 7
		????: 8
		????: 9
		????: 10
		????: 11
		????: 12
		????: 13
		????: 14
		????: 15
		????: 16
		????: 17
		????: 18
		????: 19
		????: 20
		????: 21
		????: 22
		????: 23
		????: 24
		????: 25
		????: 26
		????: 27
	?????????: 2
		????: 28
		????: 29
		????: 30
		????: 31
		????: 32
		????: 33
		????: 34
		????: 35
		????: 36
		????: 37
		????: 38
		????: 39
		????: 40
		????: 41
		????: 42
		????: 43
		????: 44
		????: 45
		????: 46
		????: 47
		????: 48
		????: 49
		????: 50
		????: 51
		????: 52
		????: 53
		????: 54
	?????????: 3
		????: 55
		????: 56
		????: 57
		????: 58
		????: 59
		????: 60
		????: 61
		????: 62
		????: 63
		????: 64
		????: 65
		????: 66
		????: 67
		????: 68
		????: 69
		????: 70
		????: 71
		????: 72
		????: 73
		????: 74
		????: 75
		????: 76
		????: 77
		????: 78
		????: 79
		????: 80
		????: 81
	?????????: 4
		????: 82
		????: 83
		????: 84
		????: 85
		????: 86
		????: 87
		????: 88
		????: 89
		????: 90
		????: 91
		????: 92
		????: 93
		????: 94
		????: 95
		????: 96
		????: 97
		????: 98
		????: 99
		????: 100
		????: 101
		????: 102
		????: 103
		????: 104
		????: 105
		????: 106
		????: 107
		????: 108
	?????????: 5
		????: 109
		????: 110
		????: 111
		????: 112
		????: 113
		????: 114
		????: 115
		????: 116
		????: 117
		????: 118
		????: 119
		????: 120
		????: 121
		????: 122
		????: 123
		????: 124
		????: 125
		????: 126
		????: 127
		????: 128
		????: 129
		????: 130
		????: 131
		????: 132
		????: 133
		????: 134
		????: 135
	?????????: 6
		????: 136
		????: 137
		????: 138
		????: 139
		????: 140
		????: 141
		????: 142
		????: 143
		????: 144
		????: 145
		????: 146
		????: 147
		????: 148
		????: 149
		????: 150
		????: 151
		????: 152
		????: 153
		????: 154
		????: 155
		????: 156
		????: 157
		????: 158
		????: 159
		????: 160
		????: 161
		????: 162
	?????????: 7
		????: 163
		????: 164
		????: 165
		????: 166
		????: 167
		????: 168
		????: 169
		????: 170
		????: 171
		????: 172
		????: 173
		????: 174
		????: 175
		????: 176
		????: 177
		????: 178
		????: 179
		????: 180
		????: 181
		????: 182
		????: 183
		????: 184
		????: 185
		????: 186
		????: 187
		????: 188
		????: 189
	?????????: 8
		????: 190
		????: 191
		????: 192
		????: 193
		????: 194
		????: 195
		????: 196
		????: 197
		????: 198
		????: 199
		????: 200
		????: 201
		????: 202
		????: 203
		????: 204
		????: 205
		????: 206
		????: 207
		????: 208
		????: 209
		????: 210
		????: 211
		????: 212
		????: 213
		????: 214
		????: 215
		????: 216
	?????????: 9
		????: 217
		????: 218
		????: 219
		????: 220
		????: 221
		????: 222
		????: 223
		????: 224
		????: 225
		????: 226
		????: 227
		????: 228
		????: 229
		????: 230
		????: 231
		????: 232
		????: 233
		????: 234
		????: 235
		????: 236
		????: 237
		????: 238
		????: 239
		????: 240
		????: 241
		????: 242
		????: 243
	?????????: 10
		????: 244
		????: 245
		????: 246
		????: 247
		????: 248
		????: 249
		????: 250
		????: 251
		????: 252
		????: 253
		????: 254
		????: 255
		????: 256
		????: 257
		????: 258
		????: 259
		????: 260
		????: 261
		????: 262
		????: 263
		????: 264
		????: 265
		????: 266
		????: 267
		????: 268
		????: 269
		????: 270
	?????????: 11
		????: 271
		????: 272
		????: 273
		????: 274
		????: 275
		????: 276
		????: 277
		????: 278
		????: 279
		????: 280
		????: 281
		????: 282
		????: 283
		????: 284
		????: 285
		????: 286
		????: 287
		????: 288
		????: 289
		????: 290
		????: 291
		????: 292
		????: 293
		????: 294
		????: 295
		????: 296
		????: 297
	?????????: 12
		????: 298
		????: 299
		????: 300
		????: 301
		????: 302
		????: 303
		????: 304
		????: 305
		????: 306
		????: 307
		????: 308
		????: 309
		????: 310
		????: 311
		????: 312
		????: 313
		????: 314
		????: 315
		????: 316
		????: 317
		????: 318
		????: 319
		????: 320
		????: 321
		????: 322
		????: 323
		????: 324
????????: 2
	?????????: 13
		????: 325
??????????:
?????????? - 2 ??.
??????????? - 13 ??.>
	at TestTrucksContainersAndBoxes.launchApplication(TestTrucksContainersAndBoxes.java:540)
	at TestTrucksContainersAndBoxes.launchApplication(TestTrucksContainersAndBoxes.java:552)
	at TestTrucksContainersAndBoxes.test325Boxes(TestTrucksContainersAndBoxes.java:181)
]]></failure>
  </testcase>
  <testcase name="testTwoBoxes" classname="TestTrucksContainersAndBoxes" time="0">
    <failure message="expected: &lt;Грузовик: 1&#10;	Контейнер: 1&#10;		Ящик: 1&#10;		Ящик: 2&#10;Необходимо:&#10;грузовиков - 1 шт.&#10;контейнеров - 1 шт.&gt; but was: &lt;????????: 3&#10;??????????:&#10;?????????? - 1 ??.&#10;??????????? - 1 ??.&gt;" type="org.opentest4j.AssertionFailedError"><![CDATA[org.opentest4j.AssertionFailedError: 
expected: <Грузовик: 1
	Контейнер: 1
		Ящик: 1
		Ящик: 2
Необходимо:
грузовиков - 1 шт.
контейнеров - 1 шт.> but was: <????????: 3
??????????:
?????????? - 1 ??.
??????????? - 1 ??.>
	at TestTrucksContainersAndBoxes.launchApplication(TestTrucksContainersAndBoxes.java:540)
	at TestTrucksContainersAndBoxes.launchApplication(TestTrucksContainersAndBoxes.java:552)
	at TestTrucksContainersAndBoxes.testTwoBoxes(TestTrucksContainersAndBoxes.java:87)
]]></failure>
  </testcase>
  <testcase name="testZeroBox" classname="TestTrucksContainersAndBoxes" time="0.008">
    <failure message="expected: &lt;Необходимо:&#10;грузовиков - 0 шт.&#10;контейнеров - 0 шт.&gt; but was: &lt;??????????:&#10;?????????? - 0 ??.&#10;??????????? - 0 ??.&gt;" type="org.opentest4j.AssertionFailedError"><![CDATA[org.opentest4j.AssertionFailedError: 
expected: <Необходимо:
грузовиков - 0 шт.
контейнеров - 0 шт.> but was: <??????????:
?????????? - 0 ??.
??????????? - 0 ??.>
	at TestTrucksContainersAndBoxes.launchApplication(TestTrucksContainersAndBoxes.java:540)
	at TestTrucksContainersAndBoxes.launchApplication(TestTrucksContainersAndBoxes.java:552)
	at TestTrucksContainersAndBoxes.testZeroBox(TestTrucksContainersAndBoxes.java:76)
]]></failure>
  </testcase>
  <testcase name="test27Boxes" classname="TestTrucksContainersAndBoxes" time="0.008">
    <failure message="expected: &lt;Грузовик: 1&#10;	Контейнер: 1&#10;		Ящик: 1&#10;		Ящик: 2&#10;		Ящик: 3&#10;		Ящик: 4&#10;		Ящик: 5&#10;		Ящик: 6&#10;		Ящик: 7&#10;		Ящик: 8&#10;		Ящик: 9&#10;		Ящик: 10&#10;		Ящик: 11&#10;		Ящик: 12&#10;		Ящик: 13&#10;		Ящик: 14&#10;		Ящик: 15&#10;		Ящик: 16&#10;		Ящик: 17&#10;		Ящик: 18&#10;		Ящик: 19&#10;		Ящик: 20&#10;		Ящик: 21&#10;		Ящик: 22&#10;		Ящик: 23&#10;		Ящик: 24&#10;		Ящик: 25&#10;		Ящик: 26&#10;		Ящик: 27&#10;Необходимо:&#10;грузовиков - 1 шт.&#10;контейнеров - 1 шт.&gt; but was: &lt;????????: 4&#10;??????????:&#10;?????????? - 1 ??.&#10;??????????? - 1 ??.&gt;" type="org.opentest4j.AssertionFailedError"><![CDATA[org.opentest4j.AssertionFailedError: 
expected: <Грузовик: 1
	Контейнер: 1
		Ящик: 1
		Ящик: 2
		Ящик: 3
		Ящик: 4
		Ящик: 5
		Ящик: 6
		Ящик: 7
		Ящик: 8
		Ящик: 9
		Ящик: 10
		Ящик: 11
		Ящик: 12
		Ящик: 13
		Ящик: 14
		Ящик: 15
		Ящик: 16
		Ящик: 17
		Ящик: 18
		Ящик: 19
		Ящик: 20
		Ящик: 21
		Ящик: 22
		Ящик: 23
		Ящик: 24
		Ящик: 25
		Ящик: 26
		Ящик: 27
Необходимо:
грузовиков - 1 шт.
контейнеров - 1 шт.> but was: <????????: 4
??????????:
?????????? - 1 ??.
??????????? - 1 ??.>
	at TestTrucksContainersAndBoxes.launchApplication(TestTrucksContainersAndBoxes.java:540)
	at TestTrucksContainersAndBoxes.launchApplication(TestTrucksContainersAndBoxes.java:552)
	at TestTrucksContainersAndBoxes.test27Boxes(TestTrucksContainersAndBoxes.java:101)
]]></failure>
  </testcase>
  <testcase name="test28Boxes" classname="TestTrucksContainersAndBoxes" time="0.016">
    <failure message="expected: &lt;Грузовик: 1&#10;	Контейнер: 1&#10;		Ящик: 1&#10;		Ящик: 2&#10;		Ящик: 3&#10;		Ящик: 4&#10;		Ящик: 5&#10;		Ящик: 6&#10;		Ящик: 7&#10;		Ящик: 8&#10;		Ящик: 9&#10;		Ящик: 10&#10;		Ящик: 11&#10;		Ящик: 12&#10;		Ящик: 13&#10;		Ящик: 14&#10;		Ящик: 15&#10;		Ящик: 16&#10;		Ящик: 17&#10;		Ящик: 18&#10;		Ящик: 19&#10;		Ящик: 20&#10;		Ящик: 21&#10;		Ящик: 22&#10;		Ящик: 23&#10;		Ящик: 24&#10;		Ящик: 25&#10;		Ящик: 26&#10;		Ящик: 27&#10;	Контейнер: 2&#10;		Ящик: 28&#10;Необходимо:&#10;грузовиков - 1 шт.&#10;контейнеров - 2 шт.&gt; but was: &lt;????????: 5&#10;??????????:&#10;?????????? - 1 ??.&#10;??????????? - 2 ??.&gt;" type="org.opentest4j.AssertionFailedError"><![CDATA[org.opentest4j.AssertionFailedError: 
expected: <Грузовик: 1
	Контейнер: 1
		Ящик: 1
		Ящик: 2
		Ящик: 3
		Ящик: 4
		Ящик: 5
		Ящик: 6
		Ящик: 7
		Ящик: 8
		Ящик: 9
		Ящик: 10
		Ящик: 11
		Ящик: 12
		Ящик: 13
		Ящик: 14
		Ящик: 15
		Ящик: 16
		Ящик: 17
		Ящик: 18
		Ящик: 19
		Ящик: 20
		Ящик: 21
		Ящик: 22
		Ящик: 23
		Ящик: 24
		Ящик: 25
		Ящик: 26
		Ящик: 27
	Контейнер: 2
		Ящик: 28
Необходимо:
грузовиков - 1 шт.
контейнеров - 2 шт.> but was: <????????: 5
??????????:
?????????? - 1 ??.
??????????? - 2 ??.>
	at TestTrucksContainersAndBoxes.launchApplication(TestTrucksContainersAndBoxes.java:540)
	at TestTrucksContainersAndBoxes.launchApplication(TestTrucksContainersAndBoxes.java:552)
	at TestTrucksContainersAndBoxes.test28Boxes(TestTrucksContainersAndBoxes.java:140)
]]></failure>
  </testcase>
  <testcase name="testOneBox" classname="TestTrucksContainersAndBoxes" time="0.027">
    <failure message="expected: &lt;Грузовик: 1&#10;	Контейнер: 1&#10;		Ящик: 1&#10;Необходимо:&#10;грузовиков - 1 шт.&#10;контейнеров - 1 шт.&gt; but was: &lt;????????: 6&#10;??????????:&#10;?????????? - 1 ??.&#10;??????????? - 1 ??.&gt;" type="org.opentest4j.AssertionFailedError"><![CDATA[org.opentest4j.AssertionFailedError: 
expected: <Грузовик: 1
	Контейнер: 1
		Ящик: 1
Необходимо:
грузовиков - 1 шт.
контейнеров - 1 шт.> but was: <????????: 6
??????????:
?????????? - 1 ??.
??????????? - 1 ??.>
	at TestTrucksContainersAndBoxes.launchApplication(TestTrucksContainersAndBoxes.java:540)
	at TestTrucksContainersAndBoxes.launchApplication(TestTrucksContainersAndBoxes.java:552)
	at TestTrucksContainersAndBoxes.testOneBox(TestTrucksContainersAndBoxes.java:62)
]]></failure>
  </testcase>
</testsuite>